[ 2015-01-27 16:53:10.0683 14604/7f41bfffc780 agents/Watchdog/Main.cpp:538 ]: Options: { 'analytics_log_user' => 'lvgeng', 'cleanup_pidfiles' => 'L3RtcC9wYXNzZW5nZXItc3RhbmRhbG9uZS4xb3pxa3llL3RlbXBfZGlyX3RvdWNoZXIucGlk', 'default_group' => 'lvgeng', 'default_python' => 'python', 'default_ruby' => '/usr/bin/ruby1.9.1', 'default_user' => 'lvgeng', 'log_level' => '0', 'max_pool_size' => '6', 'passenger_root' => '/tmp/passenger-standalone.1ozqkye/locations.ini', 'passenger_version' => '4.0.58', 'pool_idle_time' => '300', 'prestart_urls' => 'aHR0cDovLzAuMC4wLjA6MzAwMAA=', 'temp_dir' => '/tmp', 'union_station_gateway_address' => 'gateway.unionstationapp.com', 'union_station_gateway_port' => '443', 'user_switching' => 'false', 'web_server_passenger_version' => '4.0.58', 'web_server_pid' => '14603', 'web_server_type' => 'nginx', 'web_server_worker_gid' => '-1', 'web_server_worker_uid' => '-1' }
[ 2015-01-27 16:53:10.0739 14607/7f6b832f6780 agents/HelperAgent/Main.cpp:650 ]: PassengerHelperAgent online, listening at unix:/tmp/passenger.1.0.14603/generation-0/request
[ 2015-01-27 16:53:10.0841 14613/7f493de6b7c0 agents/LoggingAgent/Main.cpp:321 ]: PassengerLoggingAgent online, listening at unix:/tmp/passenger.1.0.14603/generation-0/logging
[ 2015-01-27 16:53:10.0844 14604/7f41bfffc780 agents/Watchdog/Main.cpp:728 ]: All Phusion Passenger agents started!
App 14666 stdout: 
App 14666 stdout: [[[[[ ~/code/meteor/massive-ironman/app ]]]]]
App 14666 stdout: 
App 14666 stdout: => Started proxy.
App 14666 stdout: => Started MongoDB.
App 14666 stdout: => Started your app.
App 14666 stdout: 
App 14666 stdout: => App running at: http://localhost:7878/
App 14666 stderr: D, [2015-01-27T16:56:41.105217 #14666] DEBUG -- : Aborting long-running connections
[ 2015-01-27 16:56:43.0190 14607/7f6b832f4700 Pool2/Pool.h:785 ]: Process (pid=14666, group=/home/lvgeng/code/meteor/massive-ironman/app#default) no longer exists! Detaching it from the pool.
[ 2015-01-27 16:56:45.3672 16797/7f95ce425780 agents/Watchdog/Main.cpp:538 ]: Options: { 'analytics_log_user' => 'lvgeng', 'cleanup_pidfiles' => 'L3RtcC9wYXNzZW5nZXItc3RhbmRhbG9uZS4xMHAwaXpsL3RlbXBfZGlyX3RvdWNoZXIucGlk', 'default_group' => 'lvgeng', 'default_python' => 'python', 'default_ruby' => '/usr/bin/ruby1.9.1', 'default_user' => 'lvgeng', 'log_level' => '0', 'max_pool_size' => '6', 'passenger_root' => '/tmp/passenger-standalone.10p0izl/locations.ini', 'passenger_version' => '4.0.58', 'pool_idle_time' => '300', 'prestart_urls' => 'aHR0cDovLzAuMC4wLjA6MzAwMAA=', 'temp_dir' => '/tmp', 'union_station_gateway_address' => 'gateway.unionstationapp.com', 'union_station_gateway_port' => '443', 'user_switching' => 'false', 'web_server_passenger_version' => '4.0.58', 'web_server_pid' => '16796', 'web_server_type' => 'nginx', 'web_server_worker_gid' => '-1', 'web_server_worker_uid' => '-1' }
[ 2015-01-27 16:56:45.3877 16800/7f16135dc780 agents/HelperAgent/Main.cpp:650 ]: PassengerHelperAgent online, listening at unix:/tmp/passenger.1.0.16796/generation-0/request
[ 2015-01-27 16:56:45.4901 16806/7fa19a6087c0 agents/LoggingAgent/Main.cpp:321 ]: PassengerLoggingAgent online, listening at unix:/tmp/passenger.1.0.16796/generation-0/logging
[ 2015-01-27 16:56:45.4903 16797/7f95ce425780 agents/Watchdog/Main.cpp:728 ]: All Phusion Passenger agents started!
App 16846 stdout: 
App 16846 stdout: [[[[[ ~/code/meteor/massive-ironman/app ]]]]]
App 16846 stdout: 
App 16846 stdout: => Started proxy.
App 16846 stdout: => Started MongoDB.
App 16846 stdout: => Started your app.
App 16846 stdout: 
App 16846 stdout: => App running at: http://localhost:6823/
App 16846 stderr: D, [2015-01-27T16:58:07.955636 #16846] DEBUG -- : Aborting long-running connections
[ 2015-01-27 16:58:11.4168 17917/7fc1778df780 agents/Watchdog/Main.cpp:538 ]: Options: { 'analytics_log_user' => 'lvgeng', 'cleanup_pidfiles' => 'L3RtcC9wYXNzZW5nZXItc3RhbmRhbG9uZS51NXF3amUvdGVtcF9kaXJfdG91Y2hlci5waWQ=', 'default_group' => 'lvgeng', 'default_python' => 'python', 'default_ruby' => '/usr/bin/ruby1.9.1', 'default_user' => 'lvgeng', 'log_level' => '0', 'max_pool_size' => '6', 'passenger_root' => '/tmp/passenger-standalone.u5qwje/locations.ini', 'passenger_version' => '4.0.58', 'pool_idle_time' => '300', 'prestart_urls' => 'aHR0cDovLzAuMC4wLjA6MzAwMAA=', 'temp_dir' => '/tmp', 'union_station_gateway_address' => 'gateway.unionstationapp.com', 'union_station_gateway_port' => '443', 'user_switching' => 'false', 'web_server_passenger_version' => '4.0.58', 'web_server_pid' => '17916', 'web_server_type' => 'nginx', 'web_server_worker_gid' => '-1', 'web_server_worker_uid' => '-1' }
[ 2015-01-27 16:58:11.4245 17920/7feca5cbb780 agents/HelperAgent/Main.cpp:650 ]: PassengerHelperAgent online, listening at unix:/tmp/passenger.1.0.17916/generation-0/request
[ 2015-01-27 16:58:11.4342 17926/7f0e42ad87c0 agents/LoggingAgent/Main.cpp:321 ]: PassengerLoggingAgent online, listening at unix:/tmp/passenger.1.0.17916/generation-0/logging
[ 2015-01-27 16:58:11.4351 17917/7fc1778df780 agents/Watchdog/Main.cpp:728 ]: All Phusion Passenger agents started!
App 17951 stdout: 
App 17951 stdout: [[[[[ ~/code/meteor/massive-ironman/app ]]]]]
App 17951 stdout: 
App 17951 stdout: => Started proxy.
[ 2015-01-27 16:58:13.0125 16800/7f16135da700 Pool2/Pool.h:785 ]: Process (pid=16846, group=/home/lvgeng/code/meteor/massive-ironman/app#default) no longer exists! Detaching it from the pool.
App 17951 stdout: => Started MongoDB.
App 17951 stdout: => Started your app.
App 17951 stdout: 
App 17951 stdout: => App running at: http://localhost:1299/
App 17951 stderr: D, [2015-01-27T17:08:07.900240 #17951] DEBUG -- : Aborting long-running connections
[ 2015-01-27 17:08:09.0153 17920/7feca5cb9700 Pool2/Pool.h:785 ]: Process (pid=17951, group=/home/lvgeng/code/meteor/massive-ironman/app#default) no longer exists! Detaching it from the pool.
[ 2015-01-27 17:10:19.6096 24640/7f7cd9b2e780 agents/Watchdog/Main.cpp:538 ]: Options: { 'analytics_log_user' => 'lvgeng', 'cleanup_pidfiles' => 'L3RtcC9wYXNzZW5nZXItc3RhbmRhbG9uZS4xcDA2MmcxL3RlbXBfZGlyX3RvdWNoZXIucGlk', 'default_group' => 'lvgeng', 'default_python' => 'python', 'default_ruby' => '/usr/bin/ruby1.9.1', 'default_user' => 'lvgeng', 'log_level' => '0', 'max_pool_size' => '6', 'passenger_root' => '/tmp/passenger-standalone.1p062g1/locations.ini', 'passenger_version' => '4.0.58', 'pool_idle_time' => '300', 'prestart_urls' => 'aHR0cDovLzAuMC4wLjA6MzAwMAA=', 'temp_dir' => '/tmp', 'union_station_gateway_address' => 'gateway.unionstationapp.com', 'union_station_gateway_port' => '443', 'user_switching' => 'false', 'web_server_passenger_version' => '4.0.58', 'web_server_pid' => '24639', 'web_server_type' => 'nginx', 'web_server_worker_gid' => '-1', 'web_server_worker_uid' => '-1' }
[ 2015-01-27 17:10:19.6151 24643/7fece80f6780 agents/HelperAgent/Main.cpp:650 ]: PassengerHelperAgent online, listening at unix:/tmp/passenger.1.0.24639/generation-0/request
[ 2015-01-27 17:10:19.6304 24649/7f934bea07c0 agents/LoggingAgent/Main.cpp:321 ]: PassengerLoggingAgent online, listening at unix:/tmp/passenger.1.0.24639/generation-0/logging
[ 2015-01-27 17:10:19.6307 24640/7f7cd9b2e780 agents/Watchdog/Main.cpp:728 ]: All Phusion Passenger agents started!
App 24674 stdout: 
App 24674 stdout: [[[[[ ~/code/meteor/massive-ironman/app ]]]]]
App 24674 stdout: 
App 24674 stdout: => Started proxy.
App 24674 stdout: => Started MongoDB.
App 24674 stdout: => Started your app.
App 24674 stdout: 
App 24674 stdout: => App running at: http://localhost:3583/
App 24674 stderr: D, [2015-01-27T17:11:12.094979 #24674] DEBUG -- : Aborting long-running connections
[ 2015-01-27 17:11:17.0165 24643/7fece80f4700 Pool2/Pool.h:785 ]: Process (pid=24674, group=/home/lvgeng/code/meteor/massive-ironman/app#default) no longer exists! Detaching it from the pool.
